[    4700ms] [ERROR] Error: <svg> attribute viewBox: Unexpected end of attribute. Expected number, "0 24". @ https://faucet.sui.io/assets/index-RgqCAYXW.js:32
[   10367ms] [ERROR]  Note that 'script-src' was not explicitly set, so 'default-src' is used as a fallback. @ https://challenges.cloudflare.com/cdn-cgi/challenge-platform/h/g/turnstile/f/ov2/av0/rch/eby5f/0x4AAAAAAA11HKyGNZq_dUKj/light/fbE/new/normal?lang=auto:0
[   11118ms] [ERROR] Failed to load resource: the server responded with a status of 401 () @ https://challenges.cloudflare.com/cdn-cgi/challenge-platform/h/g/pat/9e2575634af32fbd/1774520805417/aa876a6f735a21dacc3ec1beea4972d4ce2e2e358f0f36281456f4cecc4e1072/lCsIhmPrINaefcf:0
[   11137ms] [ERROR] %c%d font-size:0;color:transparent NaN @ https://challenges.cloudflare.com/cdn-cgi/challenge-platform/h/g/turnstile/f/ov2/av0/rch/eby5f/0x4AAAAAAA11HKyGNZq_dUKj/light/fbE/new/normal?lang=auto:0
[   11137ms] [ERROR] %c%d font-size:0;color:transparent NaN @ https://challenges.cloudflare.com/cdn-cgi/challenge-platform/h/g/turnstile/f/ov2/av0/rch/eby5f/0x4AAAAAAA11HKyGNZq_dUKj/light/fbE/new/normal?lang=auto:0
[   11137ms] [WARNING] %c%d font-size:0;color:transparent NaN @ https://challenges.cloudflare.com/cdn-cgi/challenge-platform/h/g/turnstile/f/ov2/av0/rch/eby5f/0x4AAAAAAA11HKyGNZq_dUKj/light/fbE/new/normal?lang=auto:0
[   11137ms] [WARNING] %c%d font-size:0;color:transparent NaN @ https://challenges.cloudflare.com/cdn-cgi/challenge-platform/h/g/turnstile/f/ov2/av0/rch/eby5f/0x4AAAAAAA11HKyGNZq_dUKj/light/fbE/new/normal?lang=auto:0
[   13176ms] [ERROR] Failed to load resource: the server responded with a status of 429 () @ https://faucet.testnet.sui.io/v2/request_challenge:0
[   14391ms] [WARNING] The resource https://challenges.cloudflare.com/cdn-cgi/challenge-platform/h/g/cmg/1 was preloaded using link preload but not used within a few seconds from the window's load event. Please make sure it has an appropriate `as` value and it is preloaded intentionally. @ https://challenges.cloudflare.com/cdn-cgi/challenge-platform/h/g/turnstile/f/ov2/av0/rch/eby5f/0x4AAAAAAA11HKyGNZq_dUKj/light/fbE/new/normal?lang=auto:0
[  302333ms] [ERROR] %c%d font-size:0;color:transparent NaN @ https://challenges.cloudflare.com/cdn-cgi/challenge-platform/h/g/turnstile/f/ov2/av0/rch/eby5f/0x4AAAAAAA11HKyGNZq_dUKj/light/fbE/auto_expire/normal?lang=auto:0
[  302333ms] [ERROR] %c%d font-size:0;color:transparent NaN @ https://challenges.cloudflare.com/cdn-cgi/challenge-platform/h/g/turnstile/f/ov2/av0/rch/eby5f/0x4AAAAAAA11HKyGNZq_dUKj/light/fbE/auto_expire/normal?lang=auto:0
[  302334ms] [WARNING] %c%d font-size:0;color:transparent NaN @ https://challenges.cloudflare.com/cdn-cgi/challenge-platform/h/g/turnstile/f/ov2/av0/rch/eby5f/0x4AAAAAAA11HKyGNZq_dUKj/light/fbE/auto_expire/normal?lang=auto:0
[  302334ms] [WARNING] %c%d font-size:0;color:transparent NaN @ https://challenges.cloudflare.com/cdn-cgi/challenge-platform/h/g/turnstile/f/ov2/av0/rch/eby5f/0x4AAAAAAA11HKyGNZq_dUKj/light/fbE/auto_expire/normal?lang=auto:0
[  302397ms] [ERROR] Failed to load resource: the server responded with a status of 401 () @ https://challenges.cloudflare.com/cdn-cgi/challenge-platform/h/g/pat/9e257c9718623e2b/1774521097228/b683be829ad12128bd3c6d9da929eb74b927ccefef77f49211f07aed9ba337b9/KNFBxS_XHJ2paJ2:0
[  302472ms] [ERROR]  Note that 'script-src' was not explicitly set, so 'default-src' is used as a fallback. @ https://challenges.cloudflare.com/cdn-cgi/challenge-platform/h/g/turnstile/f/ov2/av0/rch/eby5f/0x4AAAAAAA11HKyGNZq_dUKj/light/fbE/auto_expire/normal?lang=auto:0
[  306472ms] [WARNING] The resource https://challenges.cloudflare.com/cdn-cgi/challenge-platform/h/g/cmg/1 was preloaded using link preload but not used within a few seconds from the window's load event. Please make sure it has an appropriate `as` value and it is preloaded intentionally. @ https://challenges.cloudflare.com/cdn-cgi/challenge-platform/h/g/turnstile/f/ov2/av0/rch/eby5f/0x4AAAAAAA11HKyGNZq_dUKj/light/fbE/auto_expire/normal?lang=auto:0
[  594296ms] [ERROR]  Note that 'script-src' was not explicitly set, so 'default-src' is used as a fallback. @ https://challenges.cloudflare.com/cdn-cgi/challenge-platform/h/g/turnstile/f/ov2/av0/rch/eby5f/0x4AAAAAAA11HKyGNZq_dUKj/light/fbE/auto_expire/normal?lang=auto:0
[  594647ms] [ERROR] Failed to load resource: the server responded with a status of 401 () @ https://challenges.cloudflare.com/cdn-cgi/challenge-platform/h/g/pat/9e2583b8ed64f90a/1774521389300/879320630dd83f1bb6d6df799bc27e23ddbb05120d118fe48c96cd7a807b9b7f/3elanPlWa6oBb1f:0
[  594749ms] [ERROR] %c%d font-size:0;color:transparent NaN @ https://challenges.cloudflare.com/cdn-cgi/challenge-platform/h/g/turnstile/f/ov2/av0/rch/eby5f/0x4AAAAAAA11HKyGNZq_dUKj/light/fbE/auto_expire/normal?lang=auto:0
[  594749ms] [ERROR] %c%d font-size:0;color:transparent NaN @ https://challenges.cloudflare.com/cdn-cgi/challenge-platform/h/g/turnstile/f/ov2/av0/rch/eby5f/0x4AAAAAAA11HKyGNZq_dUKj/light/fbE/auto_expire/normal?lang=auto:0
[  594750ms] [WARNING] %c%d font-size:0;color:transparent NaN @ https://challenges.cloudflare.com/cdn-cgi/challenge-platform/h/g/turnstile/f/ov2/av0/rch/eby5f/0x4AAAAAAA11HKyGNZq_dUKj/light/fbE/auto_expire/normal?lang=auto:0
[  594750ms] [WARNING] %c%d font-size:0;color:transparent NaN @ https://challenges.cloudflare.com/cdn-cgi/challenge-platform/h/g/turnstile/f/ov2/av0/rch/eby5f/0x4AAAAAAA11HKyGNZq_dUKj/light/fbE/auto_expire/normal?lang=auto:0
[  598140ms] [WARNING] The resource https://challenges.cloudflare.com/cdn-cgi/challenge-platform/h/g/cmg/1 was preloaded using link preload but not used within a few seconds from the window's load event. Please make sure it has an appropriate `as` value and it is preloaded intentionally. @ https://challenges.cloudflare.com/cdn-cgi/challenge-platform/h/g/turnstile/f/ov2/av0/rch/eby5f/0x4AAAAAAA11HKyGNZq_dUKj/light/fbE/auto_expire/normal?lang=auto:0
[  886056ms] [ERROR] %c%d font-size:0;color:transparent NaN @ https://challenges.cloudflare.com/cdn-cgi/challenge-platform/h/g/turnstile/f/ov2/av0/rch/eby5f/0x4AAAAAAA11HKyGNZq_dUKj/light/fbE/auto_expire/normal?lang=auto:0
[  886056ms] [ERROR] %c%d font-size:0;color:transparent NaN @ https://challenges.cloudflare.com/cdn-cgi/challenge-platform/h/g/turnstile/f/ov2/av0/rch/eby5f/0x4AAAAAAA11HKyGNZq_dUKj/light/fbE/auto_expire/normal?lang=auto:0
[  886058ms] [WARNING] %c%d font-size:0;color:transparent NaN @ https://challenges.cloudflare.com/cdn-cgi/challenge-platform/h/g/turnstile/f/ov2/av0/rch/eby5f/0x4AAAAAAA11HKyGNZq_dUKj/light/fbE/auto_expire/normal?lang=auto:0
[  886058ms] [WARNING] %c%d font-size:0;color:transparent NaN @ https://challenges.cloudflare.com/cdn-cgi/challenge-platform/h/g/turnstile/f/ov2/av0/rch/eby5f/0x4AAAAAAA11HKyGNZq_dUKj/light/fbE/auto_expire/normal?lang=auto:0
[  886099ms] [ERROR]  Note that 'script-src' was not explicitly set, so 'default-src' is used as a fallback. @ https://challenges.cloudflare.com/cdn-cgi/challenge-platform/h/g/turnstile/f/ov2/av0/rch/eby5f/0x4AAAAAAA11HKyGNZq_dUKj/light/fbE/auto_expire/normal?lang=auto:0
[  886292ms] [ERROR] Failed to load resource: the server responded with a status of 401 () @ https://challenges.cloudflare.com/cdn-cgi/challenge-platform/h/g/pat/9e258ad77acb9ff1/1774521680989/925c8ae935d63adaaa365bffd0d73b6b0191337ab826593acd71285deb87e405/dCFrKBvI3CozdJ8:0
[  889836ms] [WARNING] The resource https://challenges.cloudflare.com/cdn-cgi/challenge-platform/h/g/cmg/1 was preloaded using link preload but not used within a few seconds from the window's load event. Please make sure it has an appropriate `as` value and it is preloaded intentionally. @ https://challenges.cloudflare.com/cdn-cgi/challenge-platform/h/g/turnstile/f/ov2/av0/rch/eby5f/0x4AAAAAAA11HKyGNZq_dUKj/light/fbE/auto_expire/normal?lang=auto:0
[ 1177777ms] [ERROR] Failed to load resource: the server responded with a status of 401 () @ https://challenges.cloudflare.com/cdn-cgi/challenge-platform/h/g/pat/9e2591f69cfaa2c5/1774521972664/fa2f1d69115e8d97aee93955a6d81310812b7f132823ed5da634273face19bb0/hPzEfZ9oJed7YCJ:0
[ 1177783ms] [ERROR] %c%d font-size:0;color:transparent NaN @ https://challenges.cloudflare.com/cdn-cgi/challenge-platform/h/g/turnstile/f/ov2/av0/rch/eby5f/0x4AAAAAAA11HKyGNZq_dUKj/light/fbE/auto_expire/normal?lang=auto:0
[ 1177783ms] [ERROR] %c%d font-size:0;color:transparent NaN @ https://challenges.cloudflare.com/cdn-cgi/challenge-platform/h/g/turnstile/f/ov2/av0/rch/eby5f/0x4AAAAAAA11HKyGNZq_dUKj/light/fbE/auto_expire/normal?lang=auto:0
[ 1177783ms] [WARNING] %c%d font-size:0;color:transparent NaN @ https://challenges.cloudflare.com/cdn-cgi/challenge-platform/h/g/turnstile/f/ov2/av0/rch/eby5f/0x4AAAAAAA11HKyGNZq_dUKj/light/fbE/auto_expire/normal?lang=auto:0
[ 1177783ms] [WARNING] %c%d font-size:0;color:transparent NaN @ https://challenges.cloudflare.com/cdn-cgi/challenge-platform/h/g/turnstile/f/ov2/av0/rch/eby5f/0x4AAAAAAA11HKyGNZq_dUKj/light/fbE/auto_expire/normal?lang=auto:0
[ 1177821ms] [ERROR]  Note that 'script-src' was not explicitly set, so 'default-src' is used as a fallback. @ https://challenges.cloudflare.com/cdn-cgi/challenge-platform/h/g/turnstile/f/ov2/av0/rch/eby5f/0x4AAAAAAA11HKyGNZq_dUKj/light/fbE/auto_expire/normal?lang=auto:0
[ 1181376ms] [WARNING] The resource https://challenges.cloudflare.com/cdn-cgi/challenge-platform/h/g/cmg/1 was preloaded using link preload but not used within a few seconds from the window's load event. Please make sure it has an appropriate `as` value and it is preloaded intentionally. @ https://challenges.cloudflare.com/cdn-cgi/challenge-platform/h/g/turnstile/f/ov2/av0/rch/eby5f/0x4AAAAAAA11HKyGNZq_dUKj/light/fbE/auto_expire/normal?lang=auto:0
[ 1469402ms] [ERROR] Failed to load resource: the server responded with a status of 401 () @ https://challenges.cloudflare.com/cdn-cgi/challenge-platform/h/g/pat/9e259914c9d7407a/1774522264260/f703ef5aa2941c432fbeae2fd7cb8090b83cc73385e47ebe89b544a451e60692/oBJAtmjYFx3qvyn:0
[ 1469493ms] [ERROR]  Note that 'script-src' was not explicitly set, so 'default-src' is used as a fallback. @ https://challenges.cloudflare.com/cdn-cgi/challenge-platform/h/g/turnstile/f/ov2/av0/rch/eby5f/0x4AAAAAAA11HKyGNZq_dUKj/light/fbE/auto_expire/normal?lang=auto:0
[ 1469643ms] [ERROR] %c%d font-size:0;color:transparent NaN @ https://challenges.cloudflare.com/cdn-cgi/challenge-platform/h/g/turnstile/f/ov2/av0/rch/eby5f/0x4AAAAAAA11HKyGNZq_dUKj/light/fbE/auto_expire/normal?lang=auto:0
[ 1469643ms] [ERROR] %c%d font-size:0;color:transparent NaN @ https://challenges.cloudflare.com/cdn-cgi/challenge-platform/h/g/turnstile/f/ov2/av0/rch/eby5f/0x4AAAAAAA11HKyGNZq_dUKj/light/fbE/auto_expire/normal?lang=auto:0
[ 1469644ms] [WARNING] %c%d font-size:0;color:transparent NaN @ https://challenges.cloudflare.com/cdn-cgi/challenge-platform/h/g/turnstile/f/ov2/av0/rch/eby5f/0x4AAAAAAA11HKyGNZq_dUKj/light/fbE/auto_expire/normal?lang=auto:0
[ 1469644ms] [WARNING] %c%d font-size:0;color:transparent NaN @ https://challenges.cloudflare.com/cdn-cgi/challenge-platform/h/g/turnstile/f/ov2/av0/rch/eby5f/0x4AAAAAAA11HKyGNZq_dUKj/light/fbE/auto_expire/normal?lang=auto:0
[ 1472974ms] [WARNING] The resource https://challenges.cloudflare.com/cdn-cgi/challenge-platform/h/g/cmg/1 was preloaded using link preload but not used within a few seconds from the window's load event. Please make sure it has an appropriate `as` value and it is preloaded intentionally. @ https://challenges.cloudflare.com/cdn-cgi/challenge-platform/h/g/turnstile/f/ov2/av0/rch/eby5f/0x4AAAAAAA11HKyGNZq_dUKj/light/fbE/auto_expire/normal?lang=auto:0
[ 1760985ms] [ERROR]  Note that 'script-src' was not explicitly set, so 'default-src' is used as a fallback. @ https://challenges.cloudflare.com/cdn-cgi/challenge-platform/h/g/turnstile/f/ov2/av0/rch/eby5f/0x4AAAAAAA11HKyGNZq_dUKj/light/fbE/auto_expire/normal?lang=auto:0
[ 1761328ms] [ERROR] %c%d font-size:0;color:transparent NaN @ https://challenges.cloudflare.com/cdn-cgi/challenge-platform/h/g/turnstile/f/ov2/av0/rch/eby5f/0x4AAAAAAA11HKyGNZq_dUKj/light/fbE/auto_expire/normal?lang=auto:0
[ 1761328ms] [ERROR] %c%d font-size:0;color:transparent NaN @ https://challenges.cloudflare.com/cdn-cgi/challenge-platform/h/g/turnstile/f/ov2/av0/rch/eby5f/0x4AAAAAAA11HKyGNZq_dUKj/light/fbE/auto_expire/normal?lang=auto:0
[ 1761329ms] [WARNING] %c%d font-size:0;color:transparent NaN @ https://challenges.cloudflare.com/cdn-cgi/challenge-platform/h/g/turnstile/f/ov2/av0/rch/eby5f/0x4AAAAAAA11HKyGNZq_dUKj/light/fbE/auto_expire/normal?lang=auto:0
[ 1761329ms] [WARNING] %c%d font-size:0;color:transparent NaN @ https://challenges.cloudflare.com/cdn-cgi/challenge-platform/h/g/turnstile/f/ov2/av0/rch/eby5f/0x4AAAAAAA11HKyGNZq_dUKj/light/fbE/auto_expire/normal?lang=auto:0
[ 1761399ms] [ERROR] Failed to load resource: the server responded with a status of 401 () @ https://challenges.cloudflare.com/cdn-cgi/challenge-platform/h/g/pat/9e25a033cecd0d78/1774522555822/328f34488724646a1874684f5d035495d60bda47b97e590c570d66440d1910f0/UiALCf6K4vWSJMY:0
[ 1764741ms] [WARNING] The resource https://challenges.cloudflare.com/cdn-cgi/challenge-platform/h/g/cmg/1 was preloaded using link preload but not used within a few seconds from the window's load event. Please make sure it has an appropriate `as` value and it is preloaded intentionally. @ https://challenges.cloudflare.com/cdn-cgi/challenge-platform/h/g/turnstile/f/ov2/av0/rch/eby5f/0x4AAAAAAA11HKyGNZq_dUKj/light/fbE/auto_expire/normal?lang=auto:0
[ 2052494ms] [ERROR]  Note that 'script-src' was not explicitly set, so 'default-src' is used as a fallback. @ https://challenges.cloudflare.com/cdn-cgi/challenge-platform/h/g/turnstile/f/ov2/av0/rch/eby5f/0x4AAAAAAA11HKyGNZq_dUKj/light/fbE/auto_expire/normal?lang=auto:0
[ 2052763ms] [ERROR] %c%d font-size:0;color:transparent NaN @ https://challenges.cloudflare.com/cdn-cgi/challenge-platform/h/g/turnstile/f/ov2/av0/rch/eby5f/0x4AAAAAAA11HKyGNZq_dUKj/light/fbE/auto_expire/normal?lang=auto:0
[ 2052763ms] [ERROR] %c%d font-size:0;color:transparent NaN @ https://challenges.cloudflare.com/cdn-cgi/challenge-platform/h/g/turnstile/f/ov2/av0/rch/eby5f/0x4AAAAAAA11HKyGNZq_dUKj/light/fbE/auto_expire/normal?lang=auto:0
[ 2052764ms] [WARNING] %c%d font-size:0;color:transparent NaN @ https://challenges.cloudflare.com/cdn-cgi/challenge-platform/h/g/turnstile/f/ov2/av0/rch/eby5f/0x4AAAAAAA11HKyGNZq_dUKj/light/fbE/auto_expire/normal?lang=auto:0
[ 2052764ms] [WARNING] %c%d font-size:0;color:transparent NaN @ https://challenges.cloudflare.com/cdn-cgi/challenge-platform/h/g/turnstile/f/ov2/av0/rch/eby5f/0x4AAAAAAA11HKyGNZq_dUKj/light/fbE/auto_expire/normal?lang=auto:0
[ 2052841ms] [ERROR] Failed to load resource: the server responded with a status of 401 () @ https://challenges.cloudflare.com/cdn-cgi/challenge-platform/h/g/pat/9e25a752cbdff904/1774522847515/b3da0dcd465725d70abfa57c66cdbec5ccb354677e4eb7b486876fb5d022dc11/05GX9mlLBdK5jVt:0
[ 2056065ms] [WARNING] The resource https://challenges.cloudflare.com/cdn-cgi/challenge-platform/h/g/cmg/1 was preloaded using link preload but not used within a few seconds from the window's load event. Please make sure it has an appropriate `as` value and it is preloaded intentionally. @ https://challenges.cloudflare.com/cdn-cgi/challenge-platform/h/g/turnstile/f/ov2/av0/rch/eby5f/0x4AAAAAAA11HKyGNZq_dUKj/light/fbE/auto_expire/normal?lang=auto:0
[ 2343856ms] [ERROR]  Note that 'script-src' was not explicitly set, so 'default-src' is used as a fallback. @ https://challenges.cloudflare.com/cdn-cgi/challenge-platform/h/g/turnstile/f/ov2/av0/rch/eby5f/0x4AAAAAAA11HKyGNZq_dUKj/light/fbE/auto_expire/normal?lang=auto:0
[ 2344027ms] [ERROR] Failed to load resource: the server responded with a status of 401 () @ https://challenges.cloudflare.com/cdn-cgi/challenge-platform/h/g/pat/9e25ae6f9cecfd67/1774523138832/f65ed159246df7ce677c31ef64f615b54249f74fd765c55e03cecc65466cbcc3/T385xPcWqz4Uc-3:0
[ 2344050ms] [ERROR] %c%d font-size:0;color:transparent NaN @ https://challenges.cloudflare.com/cdn-cgi/challenge-platform/h/g/turnstile/f/ov2/av0/rch/eby5f/0x4AAAAAAA11HKyGNZq_dUKj/light/fbE/auto_expire/normal?lang=auto:0
[ 2344050ms] [ERROR] %c%d font-size:0;color:transparent NaN @ https://challenges.cloudflare.com/cdn-cgi/challenge-platform/h/g/turnstile/f/ov2/av0/rch/eby5f/0x4AAAAAAA11HKyGNZq_dUKj/light/fbE/auto_expire/normal?lang=auto:0
[ 2344050ms] [WARNING] %c%d font-size:0;color:transparent NaN @ https://challenges.cloudflare.com/cdn-cgi/challenge-platform/h/g/turnstile/f/ov2/av0/rch/eby5f/0x4AAAAAAA11HKyGNZq_dUKj/light/fbE/auto_expire/normal?lang=auto:0
[ 2344050ms] [WARNING] %c%d font-size:0;color:transparent NaN @ https://challenges.cloudflare.com/cdn-cgi/challenge-platform/h/g/turnstile/f/ov2/av0/rch/eby5f/0x4AAAAAAA11HKyGNZq_dUKj/light/fbE/auto_expire/normal?lang=auto:0
[ 2347507ms] [WARNING] The resource https://challenges.cloudflare.com/cdn-cgi/challenge-platform/h/g/cmg/1 was preloaded using link preload but not used within a few seconds from the window's load event. Please make sure it has an appropriate `as` value and it is preloaded intentionally. @ https://challenges.cloudflare.com/cdn-cgi/challenge-platform/h/g/turnstile/f/ov2/av0/rch/eby5f/0x4AAAAAAA11HKyGNZq_dUKj/light/fbE/auto_expire/normal?lang=auto:0
[ 2635344ms] [ERROR] %c%d font-size:0;color:transparent NaN @ https://challenges.cloudflare.com/cdn-cgi/challenge-platform/h/g/turnstile/f/ov2/av0/rch/eby5f/0x4AAAAAAA11HKyGNZq_dUKj/light/fbE/auto_expire/normal?lang=auto:0
[ 2635344ms] [ERROR] %c%d font-size:0;color:transparent NaN @ https://challenges.cloudflare.com/cdn-cgi/challenge-platform/h/g/turnstile/f/ov2/av0/rch/eby5f/0x4AAAAAAA11HKyGNZq_dUKj/light/fbE/auto_expire/normal?lang=auto:0
[ 2635345ms] [WARNING] %c%d font-size:0;color:transparent NaN @ https://challenges.cloudflare.com/cdn-cgi/challenge-platform/h/g/turnstile/f/ov2/av0/rch/eby5f/0x4AAAAAAA11HKyGNZq_dUKj/light/fbE/auto_expire/normal?lang=auto:0
[ 2635345ms] [WARNING] %c%d font-size:0;color:transparent NaN @ https://challenges.cloudflare.com/cdn-cgi/challenge-platform/h/g/turnstile/f/ov2/av0/rch/eby5f/0x4AAAAAAA11HKyGNZq_dUKj/light/fbE/auto_expire/normal?lang=auto:0
[ 2635499ms] [ERROR] Failed to load resource: the server responded with a status of 401 () @ https://challenges.cloudflare.com/cdn-cgi/challenge-platform/h/g/pat/9e25b58d8da9fd1c/1774523430345/19a82ebfa4bb9bc3872c0be361548c8856756003206015e493a044f6a54ee727/FGFuD4Pw50ryDhB:0
[ 2635525ms] [ERROR]  Note that 'script-src' was not explicitly set, so 'default-src' is used as a fallback. @ https://challenges.cloudflare.com/cdn-cgi/challenge-platform/h/g/turnstile/f/ov2/av0/rch/eby5f/0x4AAAAAAA11HKyGNZq_dUKj/light/fbE/auto_expire/normal?lang=auto:0
[ 2638926ms] [WARNING] The resource https://challenges.cloudflare.com/cdn-cgi/challenge-platform/h/g/cmg/1 was preloaded using link preload but not used within a few seconds from the window's load event. Please make sure it has an appropriate `as` value and it is preloaded intentionally. @ https://challenges.cloudflare.com/cdn-cgi/challenge-platform/h/g/turnstile/f/ov2/av0/rch/eby5f/0x4AAAAAAA11HKyGNZq_dUKj/light/fbE/auto_expire/normal?lang=auto:0
[ 2926947ms] [ERROR] Failed to load resource: the server responded with a status of 401 () @ https://challenges.cloudflare.com/cdn-cgi/challenge-platform/h/g/pat/9e25bcaa7e2ef934/1774523721872/a015ac2ff8fd69f4bb3f9f84ef30de0f134b72ff03df6b5167cf159686d13660/RdDGYn4rjVMOn-d:0
[ 2926976ms] [ERROR] %c%d font-size:0;color:transparent NaN @ https://challenges.cloudflare.com/cdn-cgi/challenge-platform/h/g/turnstile/f/ov2/av0/rch/eby5f/0x4AAAAAAA11HKyGNZq_dUKj/light/fbE/auto_expire/normal?lang=auto:0
[ 2926976ms] [ERROR] %c%d font-size:0;color:transparent NaN @ https://challenges.cloudflare.com/cdn-cgi/challenge-platform/h/g/turnstile/f/ov2/av0/rch/eby5f/0x4AAAAAAA11HKyGNZq_dUKj/light/fbE/auto_expire/normal?lang=auto:0
[ 2926977ms] [WARNING] %c%d font-size:0;color:transparent NaN @ https://challenges.cloudflare.com/cdn-cgi/challenge-platform/h/g/turnstile/f/ov2/av0/rch/eby5f/0x4AAAAAAA11HKyGNZq_dUKj/light/fbE/auto_expire/normal?lang=auto:0
[ 2926977ms] [WARNING] %c%d font-size:0;color:transparent NaN @ https://challenges.cloudflare.com/cdn-cgi/challenge-platform/h/g/turnstile/f/ov2/av0/rch/eby5f/0x4AAAAAAA11HKyGNZq_dUKj/light/fbE/auto_expire/normal?lang=auto:0
[ 2927005ms] [ERROR]  Note that 'script-src' was not explicitly set, so 'default-src' is used as a fallback. @ https://challenges.cloudflare.com/cdn-cgi/challenge-platform/h/g/turnstile/f/ov2/av0/rch/eby5f/0x4AAAAAAA11HKyGNZq_dUKj/light/fbE/auto_expire/normal?lang=auto:0
[ 2930416ms] [WARNING] The resource https://challenges.cloudflare.com/cdn-cgi/challenge-platform/h/g/cmg/1 was preloaded using link preload but not used within a few seconds from the window's load event. Please make sure it has an appropriate `as` value and it is preloaded intentionally. @ https://challenges.cloudflare.com/cdn-cgi/challenge-platform/h/g/turnstile/f/ov2/av0/rch/eby5f/0x4AAAAAAA11HKyGNZq_dUKj/light/fbE/auto_expire/normal?lang=auto:0
[ 3218222ms] [ERROR]  Note that 'script-src' was not explicitly set, so 'default-src' is used as a fallback. @ https://challenges.cloudflare.com/cdn-cgi/challenge-platform/h/g/turnstile/f/ov2/av0/rch/eby5f/0x4AAAAAAA11HKyGNZq_dUKj/light/fbE/auto_expire/normal?lang=auto:0
[ 3218389ms] [ERROR] %c%d font-size:0;color:transparent NaN @ https://challenges.cloudflare.com/cdn-cgi/challenge-platform/h/g/turnstile/f/ov2/av0/rch/eby5f/0x4AAAAAAA11HKyGNZq_dUKj/light/fbE/auto_expire/normal?lang=auto:0
[ 3218389ms] [ERROR] %c%d font-size:0;color:transparent NaN @ https://challenges.cloudflare.com/cdn-cgi/challenge-platform/h/g/turnstile/f/ov2/av0/rch/eby5f/0x4AAAAAAA11HKyGNZq_dUKj/light/fbE/auto_expire/normal?lang=auto:0
[ 3218389ms] [WARNING] %c%d font-size:0;color:transparent NaN @ https://challenges.cloudflare.com/cdn-cgi/challenge-platform/h/g/turnstile/f/ov2/av0/rch/eby5f/0x4AAAAAAA11HKyGNZq_dUKj/light/fbE/auto_expire/normal?lang=auto:0
[ 3218389ms] [WARNING] %c%d font-size:0;color:transparent NaN @ https://challenges.cloudflare.com/cdn-cgi/challenge-platform/h/g/turnstile/f/ov2/av0/rch/eby5f/0x4AAAAAAA11HKyGNZq_dUKj/light/fbE/auto_expire/normal?lang=auto:0
[ 3218486ms] [ERROR] Failed to load resource: the server responded with a status of 401 () @ https://challenges.cloudflare.com/cdn-cgi/challenge-platform/h/g/pat/9e25c3c84c68fd9e/1774524013267/055a8a4f10e3111e8133c3b89722b0bb06952b5c97d6237e36e959ffc0ff01f5/T2V6X8WIQFDl68l:0
[ 3221774ms] [WARNING] The resource https://challenges.cloudflare.com/cdn-cgi/challenge-platform/h/g/cmg/1 was preloaded using link preload but not used within a few seconds from the window's load event. Please make sure it has an appropriate `as` value and it is preloaded intentionally. @ https://challenges.cloudflare.com/cdn-cgi/challenge-platform/h/g/turnstile/f/ov2/av0/rch/eby5f/0x4AAAAAAA11HKyGNZq_dUKj/light/fbE/auto_expire/normal?lang=auto:0
[ 3509583ms] [ERROR]  Note that 'script-src' was not explicitly set, so 'default-src' is used as a fallback. @ https://challenges.cloudflare.com/cdn-cgi/challenge-platform/h/g/turnstile/f/ov2/av0/rch/eby5f/0x4AAAAAAA11HKyGNZq_dUKj/light/fbE/auto_expire/normal?lang=auto:0
[ 3509930ms] [ERROR] Failed to load resource: the server responded with a status of 401 () @ https://challenges.cloudflare.com/cdn-cgi/challenge-platform/h/g/pat/9e25cae54f1c6bdc/1774524304578/6bdee60f6e632be83729d3a38a206460e75d801366f5abe2f7d6b33453b2a7fc/6Ft_okaLWYQTWWs:0
[ 3509938ms] [ERROR] %c%d font-size:0;color:transparent NaN @ https://challenges.cloudflare.com/cdn-cgi/challenge-platform/h/g/turnstile/f/ov2/av0/rch/eby5f/0x4AAAAAAA11HKyGNZq_dUKj/light/fbE/auto_expire/normal?lang=auto:0
[ 3509938ms] [ERROR] %c%d font-size:0;color:transparent NaN @ https://challenges.cloudflare.com/cdn-cgi/challenge-platform/h/g/turnstile/f/ov2/av0/rch/eby5f/0x4AAAAAAA11HKyGNZq_dUKj/light/fbE/auto_expire/normal?lang=auto:0
[ 3509939ms] [WARNING] %c%d font-size:0;color:transparent NaN @ https://challenges.cloudflare.com/cdn-cgi/challenge-platform/h/g/turnstile/f/ov2/av0/rch/eby5f/0x4AAAAAAA11HKyGNZq_dUKj/light/fbE/auto_expire/normal?lang=auto:0
[ 3509939ms] [WARNING] %c%d font-size:0;color:transparent NaN @ https://challenges.cloudflare.com/cdn-cgi/challenge-platform/h/g/turnstile/f/ov2/av0/rch/eby5f/0x4AAAAAAA11HKyGNZq_dUKj/light/fbE/auto_expire/normal?lang=auto:0
[ 3513286ms] [WARNING] The resource https://challenges.cloudflare.com/cdn-cgi/challenge-platform/h/g/cmg/1 was preloaded using link preload but not used within a few seconds from the window's load event. Please make sure it has an appropriate `as` value and it is preloaded intentionally. @ https://challenges.cloudflare.com/cdn-cgi/challenge-platform/h/g/turnstile/f/ov2/av0/rch/eby5f/0x4AAAAAAA11HKyGNZq_dUKj/light/fbE/auto_expire/normal?lang=auto:0
[ 3801045ms] [ERROR] %c%d font-size:0;color:transparent NaN @ https://challenges.cloudflare.com/cdn-cgi/challenge-platform/h/g/turnstile/f/ov2/av0/rch/eby5f/0x4AAAAAAA11HKyGNZq_dUKj/light/fbE/auto_expire/normal?lang=auto:0
[ 3801045ms] [ERROR] %c%d font-size:0;color:transparent NaN @ https://challenges.cloudflare.com/cdn-cgi/challenge-platform/h/g/turnstile/f/ov2/av0/rch/eby5f/0x4AAAAAAA11HKyGNZq_dUKj/light/fbE/auto_expire/normal?lang=auto:0
[ 3801046ms] [WARNING] %c%d font-size:0;color:transparent NaN @ https://challenges.cloudflare.com/cdn-cgi/challenge-platform/h/g/turnstile/f/ov2/av0/rch/eby5f/0x4AAAAAAA11HKyGNZq_dUKj/light/fbE/auto_expire/normal?lang=auto:0
[ 3801046ms] [WARNING] %c%d font-size:0;color:transparent NaN @ https://challenges.cloudflare.com/cdn-cgi/challenge-platform/h/g/turnstile/f/ov2/av0/rch/eby5f/0x4AAAAAAA11HKyGNZq_dUKj/light/fbE/auto_expire/normal?lang=auto:0
[ 3801121ms] [ERROR]  Note that 'script-src' was not explicitly set, so 'default-src' is used as a fallback. @ https://challenges.cloudflare.com/cdn-cgi/challenge-platform/h/g/turnstile/f/ov2/av0/rch/eby5f/0x4AAAAAAA11HKyGNZq_dUKj/light/fbE/auto_expire/normal?lang=auto:0
[ 3801308ms] [ERROR] Failed to load resource: the server responded with a status of 401 () @ https://challenges.cloudflare.com/cdn-cgi/challenge-platform/h/g/pat/9e25d20339dfa3d0/1774524596073/ce21dc4e1d1071913608c8d9848be24d15ffc796f9b477abd5a9382acce9fb22/zbqUyX5yE-RM6q_:0
[ 3804678ms] [WARNING] The resource https://challenges.cloudflare.com/cdn-cgi/challenge-platform/h/g/cmg/1 was preloaded using link preload but not used within a few seconds from the window's load event. Please make sure it has an appropriate `as` value and it is preloaded intentionally. @ https://challenges.cloudflare.com/cdn-cgi/challenge-platform/h/g/turnstile/f/ov2/av0/rch/eby5f/0x4AAAAAAA11HKyGNZq_dUKj/light/fbE/auto_expire/normal?lang=auto:0
